<?xml version="1.0" encoding="UTF-8"?>
<testng-results ignored="0" total="2" passed="2" failed="0" skipped="0">
  <reporter-output>
  </reporter-output>
  <suite started-at="2023-01-18T19:27:14 IST" name="Suite" finished-at="2023-01-18T19:27:19 IST" duration-ms="5699">
    <groups>
    </groups>
    <test started-at="2023-01-18T19:27:14 IST" name="Test" finished-at="2023-01-18T19:27:19 IST" duration-ms="5699">
      <class name="testCases.LoginInApplication">
        <test-method is-config="true" signature="Setup()[pri:0, instance:testCases.LoginInApplication@2a265ea9]" started-at="2023-01-18T19:27:14 IST" name="Setup" finished-at="2023-01-18T19:27:16 IST" duration-ms="2888" status="PASS">
          <reporter-output>
          </reporter-output>
        </test-method> <!-- Setup -->
        <test-method signature="executeLoginApplication()[pri:0, instance:testCases.LoginInApplication@2a265ea9]" started-at="2023-01-18T19:27:16 IST" name="executeLoginApplication" finished-at="2023-01-18T19:27:17 IST" duration-ms="905" status="PASS">
          <reporter-output>
          </reporter-output>
        </test-method> <!-- executeLoginApplication -->
        <test-method is-config="true" signature="tearDown()[pri:0, instance:testCases.LoginInApplication@2a265ea9]" started-at="2023-01-18T19:27:17 IST" name="tearDown" finished-at="2023-01-18T19:27:18 IST" duration-ms="140" status="PASS">
          <reporter-output>
          </reporter-output>
        </test-method> <!-- tearDown -->
      </class> <!-- testCases.LoginInApplication -->
      <class name="testCases.AddProduct">
        <test-method is-config="true" signature="Setup()[pri:0, instance:testCases.AddProduct@5b1669c0]" started-at="2023-01-18T19:27:18 IST" name="Setup" finished-at="2023-01-18T19:27:19 IST" duration-ms="1540" status="PASS">
          <reporter-output>
          </reporter-output>
        </test-method> <!-- Setup -->
        <test-method signature="executeAddProduct()[pri:0, instance:testCases.AddProduct@5b1669c0]" started-at="2023-01-18T19:27:19 IST" name="executeAddProduct" finished-at="2023-01-18T19:27:19 IST" duration-ms="58" status="PASS">
          <reporter-output>
          </reporter-output>
        </test-method> <!-- executeAddProduct -->
        <test-method is-config="true" signature="tearDown()[pri:0, instance:testCases.AddProduct@5b1669c0]" started-at="2023-01-18T19:27:19 IST" name="tearDown" finished-at="2023-01-18T19:27:19 IST" duration-ms="121" status="PASS">
          <reporter-output>
          </reporter-output>
        </test-method> <!-- tearDown -->
      </class> <!-- testCases.AddProduct -->
    </test> <!-- Test -->
  </suite> <!-- Suite -->
</testng-results>
