<?xml version="1.0" encoding="UTF-8"?>
<testng-results ignored="0" total="1" passed="1" failed="0" skipped="0">
  <reporter-output>
  </reporter-output>
  <suite started-at="2023-01-17T19:42:13 IST" name="Default suite" finished-at="2023-01-17T19:42:18 IST" duration-ms="5474">
    <groups>
    </groups>
    <test started-at="2023-01-17T19:42:13 IST" name="Default test" finished-at="2023-01-17T19:42:18 IST" duration-ms="5474">
      <class name="testCases.AddProduct">
        <test-method is-config="true" signature="Setup()[pri:0, instance:testCases.AddProduct@54c5a2ff]" started-at="2023-01-17T19:42:13 IST" name="Setup" finished-at="2023-01-17T19:42:18 IST" duration-ms="4663" status="PASS">
          <reporter-output>
          </reporter-output>
        </test-method> <!-- Setup -->
        <test-method signature="executeAddProduct()[pri:0, instance:testCases.AddProduct@54c5a2ff]" started-at="2023-01-17T19:42:18 IST" name="executeAddProduct" finished-at="2023-01-17T19:42:18 IST" duration-ms="550" status="PASS">
          <reporter-output>
          </reporter-output>
        </test-method> <!-- executeAddProduct -->
        <test-method is-config="true" signature="tearDown()[pri:0, instance:testCases.AddProduct@54c5a2ff]" started-at="2023-01-17T19:42:18 IST" name="tearDown" finished-at="2023-01-17T19:42:18 IST" duration-ms="221" status="PASS">
          <reporter-output>
          </reporter-output>
        </test-method> <!-- tearDown -->
      </class> <!-- testCases.AddProduct -->
    </test> <!-- Default test -->
  </suite> <!-- Default suite -->
</testng-results>
